<?xml version="1.0" encoding="utf-8"?><testsuites name="pytest tests"><testsuite name="pytest" errors="0" failures="3" skipped="0" tests="21" time="2.720" timestamp="2026-01-10T10:36:57.141105+00:00" hostname="agent-env-cd939be0-41a9-4d94-85cf-1a6e153ca055"><testcase classname="tests.test_loopync_api.TestHealthEndpoint" name="test_health_endpoint_internal" time="0.105" /><testcase classname="tests.test_loopync_api.TestAuthEndpoints" name="test_login_success" time="0.276" /><testcase classname="tests.test_loopync_api.TestAuthEndpoints" name="test_login_invalid_credentials" time="0.041" /><testcase classname="tests.test_loopync_api.TestAuthEndpoints" name="test_admin_login" time="0.275" /><testcase classname="tests.test_loopync_api.TestPostsEndpoints" name="test_get_posts" time="0.043" /><testcase classname="tests.test_loopync_api.TestPostsEndpoints" name="test_posts_have_required_fields" time="0.037" /><testcase classname="tests.test_loopync_api.TestPostsEndpoints" name="test_posts_with_media_have_media_url" time="0.042" /><testcase classname="tests.test_loopync_api.TestReelsEndpoints" name="test_get_reels" time="0.042" /><testcase classname="tests.test_loopync_api.TestReelsEndpoints" name="test_reels_have_author_info" time="0.038" /><testcase classname="tests.test_loopync_api.TestCapsulesEndpoints" name="test_get_capsules" time="0.036"><failure message="AssertionError: assert False&#10; +  where False = isinstance({'stories': []}, list)">tests/test_loopync_api.py:144: in test_get_capsules
    assert isinstance(data, list)
E   AssertionError: assert False
E    +  where False = isinstance({'stories': []}, list)</failure></testcase><testcase classname="tests.test_loopync_api.TestCapsulesEndpoints" name="test_capsules_have_author_info" time="0.035"><failure message="AssertionError: assert ('id' in 'stories' or 'authorId' in 'stories')">tests/test_loopync_api.py:154: in test_capsules_have_author_info
    assert "id" in capsule or "authorId" in capsule
E   AssertionError: assert ('id' in 'stories' or 'authorId' in 'stories')</failure></testcase><testcase classname="tests.test_loopync_api.TestUsersEndpoints" name="test_get_users_list" time="0.038" /><testcase classname="tests.test_loopync_api.TestUsersEndpoints" name="test_get_user_by_id" time="0.316" /><testcase classname="tests.test_loopync_api.TestUsersEndpoints" name="test_user_profile_endpoint" time="0.326" /><testcase classname="tests.test_loopync_api.TestCommentsEndpoints" name="test_get_post_comments" time="0.080" /><testcase classname="tests.test_loopync_api.TestMediaEndpoints" name="test_media_endpoint_exists" time="0.084"><failure message="assert 405 in [200, 301, 302, 304]&#10; +  where 405 = &lt;Response [405]&gt;.status_code">tests/test_loopync_api.py:243: in test_media_endpoint_exists
    assert response.status_code in [200, 301, 302, 304]
E   assert 405 in [200, 301, 302, 304]
E    +  where 405 = &lt;Response [405]&gt;.status_code</failure></testcase><testcase classname="tests.test_loopync_api.TestAuthenticatedEndpoints" name="test_get_current_user" time="0.314" /><testcase classname="tests.test_loopync_api.TestAuthenticatedEndpoints" name="test_user_interests" time="0.355" /><testcase classname="tests.test_loopync_api.TestPerformanceOptimization" name="test_posts_response_time" time="0.037" /><testcase classname="tests.test_loopync_api.TestPerformanceOptimization" name="test_reels_response_time" time="0.049" /><testcase classname="tests.test_loopync_api.TestPerformanceOptimization" name="test_capsules_response_time" time="0.037" /></testsuite></testsuites>