<?xml version="1.0" encoding="utf-8"?><testsuites name="pytest tests"><testsuite name="pytest" errors="0" failures="0" skipped="0" tests="21" time="2.703" timestamp="2026-01-10T11:42:21.945737+00:00" hostname="agent-env-cd939be0-41a9-4d94-85cf-1a6e153ca055"><testcase classname="tests.test_loopync_api.TestHealthEndpoint" name="test_health_endpoint_internal" time="0.104" /><testcase classname="tests.test_loopync_api.TestAuthEndpoints" name="test_login_success" time="0.279" /><testcase classname="tests.test_loopync_api.TestAuthEndpoints" name="test_login_invalid_credentials" time="0.038" /><testcase classname="tests.test_loopync_api.TestAuthEndpoints" name="test_admin_login" time="0.279" /><testcase classname="tests.test_loopync_api.TestPostsEndpoints" name="test_get_posts" time="0.043" /><testcase classname="tests.test_loopync_api.TestPostsEndpoints" name="test_posts_have_required_fields" time="0.043" /><testcase classname="tests.test_loopync_api.TestPostsEndpoints" name="test_posts_with_media_have_media_url" time="0.039" /><testcase classname="tests.test_loopync_api.TestReelsEndpoints" name="test_get_reels" time="0.044" /><testcase classname="tests.test_loopync_api.TestReelsEndpoints" name="test_reels_have_author_info" time="0.041" /><testcase classname="tests.test_loopync_api.TestCapsulesEndpoints" name="test_get_capsules" time="0.040" /><testcase classname="tests.test_loopync_api.TestCapsulesEndpoints" name="test_capsules_have_author_info" time="0.040" /><testcase classname="tests.test_loopync_api.TestUsersEndpoints" name="test_get_users_list" time="0.039" /><testcase classname="tests.test_loopync_api.TestUsersEndpoints" name="test_get_user_by_id" time="0.315" /><testcase classname="tests.test_loopync_api.TestUsersEndpoints" name="test_user_profile_endpoint" time="0.313" /><testcase classname="tests.test_loopync_api.TestCommentsEndpoints" name="test_get_post_comments" time="0.080" /><testcase classname="tests.test_loopync_api.TestMediaEndpoints" name="test_media_endpoint_exists" time="0.074" /><testcase classname="tests.test_loopync_api.TestAuthenticatedEndpoints" name="test_get_current_user" time="0.316" /><testcase classname="tests.test_loopync_api.TestAuthenticatedEndpoints" name="test_user_interests" time="0.353" /><testcase classname="tests.test_loopync_api.TestPerformanceOptimization" name="test_posts_response_time" time="0.036" /><testcase classname="tests.test_loopync_api.TestPerformanceOptimization" name="test_reels_response_time" time="0.042" /><testcase classname="tests.test_loopync_api.TestPerformanceOptimization" name="test_capsules_response_time" time="0.038" /></testsuite></testsuites>